# JRE version: OpenJDK Runtime Environment (11.0.10) (build 11.0.10+0-b96-7249189)
# Java VM: OpenJDK 64-Bit Server VM (11.0.10+0-b96-7249189, mixed mode, tiered, compressed oops, g1 gc, windows-amd64)
Heap:
 garbage-first heap   total 502784K, used 317373K [0x0000000080000000, 0x0000000100000000)
  region size 1024K, 102 young (104448K), 9 survivors (9216K)
 Metaspace       used 99423K, capacity 101962K, committed 102144K, reserved 1136640K
  class space    used 13044K, capacity 14002K, committed 14080K, reserved 1048576K
GC Heap History (20 events):
Event: 19.314 GC heap before
{Heap before GC invocations=37 (full 0):
 garbage-first heap   total 155648K, used 144846K [0x0000000080000000, 0x0000000100000000)
  region size 1024K, 24 young (24576K), 2 survivors (2048K)
 Metaspace       used 93498K, capacity 95661K, committed 96000K, reserved 1132544K
  class space    used 12082K, capacity 12909K, committed 13056K, reserved 1048576K
}
Event: 19.325 GC heap after
{Heap after GC invocations=38 (full 0):
 garbage-first heap   total 190464K, used 125475K [0x0000000080000000, 0x0000000100000000)
  region size 1024K, 3 young (3072K), 3 survivors (3072K)
 Metaspace       used 93498K, capacity 95661K, committed 96000K, reserved 1132544K
  class space    used 12082K, capacity 12909K, committed 13056K, reserved 1048576K
}
Event: 19.454 GC heap before
{Heap before GC invocations=38 (full 0):
 garbage-first heap   total 190464K, used 141859K [0x0000000080000000, 0x0000000100000000)
  region size 1024K, 21 young (21504K), 3 survivors (3072K)
 Metaspace       used 93501K, capacity 95661K, committed 96000K, reserved 1132544K
  class space    used 12082K, capacity 12909K, committed 13056K, reserved 1048576K
}
Event: 19.492 GC heap after
{Heap after GC invocations=39 (full 0):
 garbage-first heap   total 190464K, used 132854K [0x0000000080000000, 0x0000000100000000)
  region size 1024K, 4 young (4096K), 4 survivors (4096K)
 Metaspace       used 93501K, capacity 95661K, committed 96000K, reserved 1132544K
  class space    used 12082K, capacity 12909K, committed 13056K, reserved 1048576K
}
Event: 19.782 GC heap before
{Heap before GC invocations=40 (full 0):
 garbage-first heap   total 190464K, used 153334K [0x0000000080000000, 0x0000000100000000)
  region size 1024K, 23 young (23552K), 4 survivors (4096K)
 Metaspace       used 95219K, capacity 97460K, committed 97664K, reserved 1134592K
  class space    used 12517K, capacity 13391K, committed 13440K, reserved 1048576K
}
Event: 19.799 GC heap after
{Heap after GC invocations=41 (full 0):
 garbage-first heap   total 190464K, used 141018K [0x0000000080000000, 0x0000000100000000)
  region size 1024K, 3 young (3072K), 3 survivors (3072K)
 Metaspace       used 95219K, capacity 97460K, committed 97664K, reserved 1134592K
  class space    used 12517K, capacity 13391K, committed 13440K, reserved 1048576K
}
Event: 19.953 GC heap before
{Heap before GC invocations=41 (full 0):
 garbage-first heap   total 190464K, used 156378K [0x0000000080000000, 0x0000000100000000)
  region size 1024K, 19 young (19456K), 3 survivors (3072K)
 Metaspace       used 95784K, capacity 98057K, committed 98304K, reserved 1134592K
  class space    used 12571K, capacity 13463K, committed 13568K, reserved 1048576K
}
Event: 19.965 GC heap after
{Heap after GC invocations=42 (full 0):
 garbage-first heap   total 190464K, used 148764K [0x0000000080000000, 0x0000000100000000)
  region size 1024K, 3 young (3072K), 3 survivors (3072K)
 Metaspace       used 95784K, capacity 98057K, committed 98304K, reserved 1134592K
  class space    used 12571K, capacity 13463K, committed 13568K, reserved 1048576K
}
Event: 20.020 GC heap before
{Heap before GC invocations=42 (full 0):
 garbage-first heap   total 190464K, used 159004K [0x0000000080000000, 0x0000000100000000)
  region size 1024K, 13 young (13312K), 3 survivors (3072K)
 Metaspace       used 95833K, capacity 98125K, committed 98304K, reserved 1134592K
  class space    used 12571K, capacity 13463K, committed 13568K, reserved 1048576K
}
Event: 20.044 GC heap after
{Heap after GC invocations=43 (full 0):
 garbage-first heap   total 265216K, used 154620K [0x0000000080000000, 0x0000000100000000)
  region size 1024K, 2 young (2048K), 2 survivors (2048K)
 Metaspace       used 95833K, capacity 98125K, committed 98304K, reserved 1134592K
  class space    used 12571K, capacity 13463K, committed 13568K, reserved 1048576K
}
Event: 20.404 GC heap before
{Heap before GC invocations=44 (full 0):
 garbage-first heap   total 265216K, used 191484K [0x0000000080000000, 0x0000000100000000)
  region size 1024K, 38 young (38912K), 2 survivors (2048K)
 Metaspace       used 95856K, capacity 98128K, committed 98304K, reserved 1134592K
  class space    used 12572K, capacity 13463K, committed 13568K, reserved 1048576K
}
Event: 20.431 GC heap after
{Heap after GC invocations=45 (full 0):
 garbage-first heap   total 265216K, used 173522K [0x0000000080000000, 0x0000000100000000)
  region size 1024K, 5 young (5120K), 5 survivors (5120K)
 Metaspace       used 95856K, capacity 98128K, committed 98304K, reserved 1134592K
  class space    used 12572K, capacity 13463K, committed 13568K, reserved 1048576K
}
Event: 20.591 GC heap before
{Heap before GC invocations=45 (full 0):
 garbage-first heap   total 265216K, used 201170K [0x0000000080000000, 0x0000000100000000)
  region size 1024K, 33 young (33792K), 5 survivors (5120K)
 Metaspace       used 95885K, capacity 98192K, committed 98304K, reserved 1134592K
  class space    used 12572K, capacity 13463K, committed 13568K, reserved 1048576K
}
Event: 20.614 GC heap after
{Heap after GC invocations=46 (full 0):
 garbage-first heap   total 265216K, used 188740K [0x0000000080000000, 0x0000000100000000)
  region size 1024K, 5 young (5120K), 5 survivors (5120K)
 Metaspace       used 95885K, capacity 98192K, committed 98304K, reserved 1134592K
  class space    used 12572K, capacity 13463K, committed 13568K, reserved 1048576K
}
Event: 21.567 GC heap before
{Heap before GC invocations=47 (full 0):
 garbage-first heap   total 265216K, used 211268K [0x0000000080000000, 0x0000000100000000)
  region size 1024K, 27 young (27648K), 5 survivors (5120K)
 Metaspace       used 97626K, capacity 99926K, committed 100096K, reserved 1136640K
  class space    used 12814K, capacity 13704K, committed 13824K, reserved 1048576K
}
Event: 21.608 GC heap after
{Heap after GC invocations=48 (full 0):
 garbage-first heap   total 265216K, used 194072K [0x0000000080000000, 0x0000000100000000)
  region size 1024K, 4 young (4096K), 4 survivors (4096K)
 Metaspace       used 97626K, capacity 99926K, committed 100096K, reserved 1136640K
  class space    used 12814K, capacity 13704K, committed 13824K, reserved 1048576K
}
Event: 22.409 GC heap before
{Heap before GC invocations=48 (full 0):
 garbage-first heap   total 265216K, used 214552K [0x0000000080000000, 0x0000000100000000)
  region size 1024K, 25 young (25600K), 4 survivors (4096K)
 Metaspace       used 98190K, capacity 100619K, committed 100736K, reserved 1136640K
  class space    used 12909K, capacity 13849K, committed 13952K, reserved 1048576K
}
Event: 22.431 GC heap after
{Heap after GC invocations=49 (full 0):
 garbage-first heap   total 502784K, used 197605K [0x0000000080000000, 0x0000000100000000)
  region size 1024K, 3 young (3072K), 3 survivors (3072K)
 Metaspace       used 98190K, capacity 100619K, committed 100736K, reserved 1136640K
  class space    used 12909K, capacity 13849K, committed 13952K, reserved 1048576K
}
Event: 27.452 GC heap before
{Heap before GC invocations=50 (full 0):
 garbage-first heap   total 502784K, used 292837K [0x0000000080000000, 0x0000000100000000)
  region size 1024K, 94 young (96256K), 3 survivors (3072K)
 Metaspace       used 98987K, capacity 101469K, committed 101632K, reserved 1136640K
  class space    used 12995K, capacity 13971K, committed 14080K, reserved 1048576K
}
Event: 27.476 GC heap after
{Heap after GC invocations=51 (full 0):
 garbage-first heap   total 502784K, used 206781K [0x0000000080000000, 0x0000000100000000)
  region size 1024K, 9 young (9216K), 9 survivors (9216K)
 Metaspace       used 98987K, capacity 101469K, committed 101632K, reserved 1136640K
  class space    used 12995K, capacity 13971K, committed 14080K, reserved 1048576K
}

