# JRE version: OpenJDK Runtime Environment (11.0.10) (build 11.0.10+0-b96-7249189)
# Java VM: OpenJDK 64-Bit Server VM (11.0.10+0-b96-7249189, mixed mode, tiered, compressed oops, g1 gc, windows-amd64)
Heap:
 garbage-first heap   total 667648K, used 162807K [0x0000000080000000, 0x0000000100000000)
  region size 1024K, 13 young (13312K), 13 survivors (13312K)
 Metaspace       used 122977K, capacity 127962K, committed 128204K, reserved 1161216K
  class space    used 15285K, capacity 17018K, committed 17100K, reserved 1048576K
GC Heap History (20 events):
Event: 9235.499 GC heap after
{Heap after GC invocations=481 (full 0):
 garbage-first heap   total 187392K, used 108930K [0x0000000080000000, 0x0000000100000000)
  region size 1024K, 2 young (2048K), 2 survivors (2048K)
 Metaspace       used 122574K, capacity 127520K, committed 127692K, reserved 1159168K
  class space    used 15270K, capacity 17004K, committed 17100K, reserved 1048576K
}
Event: 9235.700 GC heap before
{Heap before GC invocations=481 (full 0):
 garbage-first heap   total 187392K, used 150914K [0x0000000080000000, 0x0000000100000000)
  region size 1024K, 43 young (44032K), 2 survivors (2048K)
 Metaspace       used 122589K, capacity 127526K, committed 127692K, reserved 1159168K
  class space    used 15271K, capacity 17006K, committed 17100K, reserved 1048576K
}
Event: 9235.705 GC heap after
{Heap after GC invocations=482 (full 0):
 garbage-first heap   total 187392K, used 109160K [0x0000000080000000, 0x0000000100000000)
  region size 1024K, 2 young (2048K), 2 survivors (2048K)
 Metaspace       used 122589K, capacity 127526K, committed 127692K, reserved 1159168K
  class space    used 15271K, capacity 17006K, committed 17100K, reserved 1048576K
}
Event: 9235.950 GC heap before
{Heap before GC invocations=483 (full 0):
 garbage-first heap   total 187392K, used 152168K [0x0000000080000000, 0x0000000100000000)
  region size 1024K, 44 young (45056K), 2 survivors (2048K)
 Metaspace       used 122620K, capacity 127592K, committed 127692K, reserved 1159168K
  class space    used 15271K, capacity 17006K, committed 17100K, reserved 1048576K
}
Event: 9235.980 GC heap after
{Heap after GC invocations=484 (full 0):
 garbage-first heap   total 225280K, used 109214K [0x0000000080000000, 0x0000000100000000)
  region size 1024K, 2 young (2048K), 2 survivors (2048K)
 Metaspace       used 122620K, capacity 127592K, committed 127692K, reserved 1159168K
  class space    used 15271K, capacity 17006K, committed 17100K, reserved 1048576K
}
Event: 9236.137 GC heap before
{Heap before GC invocations=484 (full 0):
 garbage-first heap   total 225280K, used 118430K [0x0000000080000000, 0x0000000100000000)
  region size 1024K, 11 young (11264K), 2 survivors (2048K)
 Metaspace       used 122622K, capacity 127592K, committed 127692K, reserved 1159168K
  class space    used 15271K, capacity 17006K, committed 17100K, reserved 1048576K
}
Event: 9236.142 GC heap after
{Heap after GC invocations=485 (full 0):
 garbage-first heap   total 225280K, used 109240K [0x0000000080000000, 0x0000000100000000)
  region size 1024K, 2 young (2048K), 2 survivors (2048K)
 Metaspace       used 122622K, capacity 127592K, committed 127692K, reserved 1159168K
  class space    used 15271K, capacity 17006K, committed 17100K, reserved 1048576K
}
Event: 9236.521 GC heap before
{Heap before GC invocations=485 (full 0):
 garbage-first heap   total 225280K, used 168632K [0x0000000080000000, 0x0000000100000000)
  region size 1024K, 60 young (61440K), 2 survivors (2048K)
 Metaspace       used 122629K, capacity 127592K, committed 127692K, reserved 1159168K
  class space    used 15271K, capacity 17006K, committed 17100K, reserved 1048576K
}
Event: 9236.530 GC heap after
{Heap after GC invocations=486 (full 0):
 garbage-first heap   total 225280K, used 109807K [0x0000000080000000, 0x0000000100000000)
  region size 1024K, 2 young (2048K), 2 survivors (2048K)
 Metaspace       used 122629K, capacity 127592K, committed 127692K, reserved 1159168K
  class space    used 15271K, capacity 17006K, committed 17100K, reserved 1048576K
}
Event: 9236.834 GC heap before
{Heap before GC invocations=487 (full 0):
 garbage-first heap   total 225280K, used 137455K [0x0000000080000000, 0x0000000100000000)
  region size 1024K, 30 young (30720K), 2 survivors (2048K)
 Metaspace       used 122650K, capacity 127594K, committed 127692K, reserved 1159168K
  class space    used 15271K, capacity 17006K, committed 17100K, reserved 1048576K
}
Event: 9236.842 GC heap after
{Heap after GC invocations=488 (full 0):
 garbage-first heap   total 225280K, used 111142K [0x0000000080000000, 0x0000000100000000)
  region size 1024K, 3 young (3072K), 3 survivors (3072K)
 Metaspace       used 122650K, capacity 127594K, committed 127692K, reserved 1159168K
  class space    used 15271K, capacity 17006K, committed 17100K, reserved 1048576K
}
Event: 9237.074 GC heap before
{Heap before GC invocations=489 (full 0):
 garbage-first heap   total 225280K, used 119334K [0x0000000080000000, 0x0000000100000000)
  region size 1024K, 11 young (11264K), 3 survivors (3072K)
 Metaspace       used 122703K, capacity 127620K, committed 127948K, reserved 1161216K
  class space    used 15276K, capacity 17013K, committed 17100K, reserved 1048576K
}
Event: 9237.082 GC heap after
{Heap after GC invocations=490 (full 0):
 garbage-first heap   total 333824K, used 109285K [0x0000000080000000, 0x0000000100000000)
  region size 1024K, 2 young (2048K), 2 survivors (2048K)
 Metaspace       used 122703K, capacity 127620K, committed 127948K, reserved 1161216K
  class space    used 15276K, capacity 17013K, committed 17100K, reserved 1048576K
}
Event: 9237.740 GC heap before
{Heap before GC invocations=491 (full 0):
 garbage-first heap   total 333824K, used 229093K [0x0000000080000000, 0x0000000100000000)
  region size 1024K, 113 young (115712K), 2 survivors (2048K)
 Metaspace       used 122824K, capacity 127817K, committed 127948K, reserved 1161216K
  class space    used 15280K, capacity 17013K, committed 17100K, reserved 1048576K
}
Event: 9237.793 GC heap after
{Heap after GC invocations=492 (full 0):
 garbage-first heap   total 333824K, used 128156K [0x0000000080000000, 0x0000000100000000)
  region size 1024K, 16 young (16384K), 16 survivors (16384K)
 Metaspace       used 122824K, capacity 127817K, committed 127948K, reserved 1161216K
  class space    used 15280K, capacity 17013K, committed 17100K, reserved 1048576K
}
Event: 9238.314 GC heap before
{Heap before GC invocations=493 (full 0):
 garbage-first heap   total 333824K, used 172188K [0x0000000080000000, 0x0000000100000000)
  region size 1024K, 55 young (56320K), 16 survivors (16384K)
 Metaspace       used 122839K, capacity 127817K, committed 127948K, reserved 1161216K
  class space    used 15280K, capacity 17013K, committed 17100K, reserved 1048576K
}
Event: 9238.328 GC heap after
{Heap after GC invocations=494 (full 0):
 garbage-first heap   total 333824K, used 122855K [0x0000000080000000, 0x0000000100000000)
  region size 1024K, 3 young (3072K), 3 survivors (3072K)
 Metaspace       used 122839K, capacity 127817K, committed 127948K, reserved 1161216K
  class space    used 15280K, capacity 17013K, committed 17100K, reserved 1048576K
}
Event: 9239.329 GC heap before
{Heap before GC invocations=495 (full 0):
 garbage-first heap   total 333824K, used 184295K [0x0000000080000000, 0x0000000100000000)
  region size 1024K, 50 young (51200K), 3 survivors (3072K)
 Metaspace       used 122894K, capacity 127882K, committed 128204K, reserved 1161216K
  class space    used 15281K, capacity 17013K, committed 17100K, reserved 1048576K
}
Event: 9239.417 GC heap after
{Heap after GC invocations=496 (full 0):
 garbage-first heap   total 333824K, used 147069K [0x0000000080000000, 0x0000000100000000)
  region size 1024K, 13 young (13312K), 13 survivors (13312K)
 Metaspace       used 122894K, capacity 127882K, committed 128204K, reserved 1161216K
  class space    used 15281K, capacity 17013K, committed 17100K, reserved 1048576K
}
Event: 9239.856 GC heap before
{Heap before GC invocations=497 (full 0):
 garbage-first heap   total 333824K, used 188029K [0x0000000080000000, 0x0000000100000000)
  region size 1024K, 53 young (54272K), 13 survivors (13312K)
 Metaspace       used 122977K, capacity 127962K, committed 128204K, reserved 1161216K
  class space    used 15285K, capacity 17018K, committed 17100K, reserved 1048576K
}

