# JRE version: OpenJDK Runtime Environment (11.0.10) (build 11.0.10+0-b96-7249189)
# Java VM: OpenJDK 64-Bit Server VM (11.0.10+0-b96-7249189, mixed mode, tiered, compressed oops, g1 gc, windows-amd64)
Heap:
 garbage-first heap   total 419840K, used 214208K [0x0000000080000000, 0x0000000100000000)
  region size 1024K, 6 young (6144K), 6 survivors (6144K)
 Metaspace       used 99686K, capacity 102308K, committed 102476K, reserved 1138688K
  class space    used 13090K, capacity 14063K, committed 14156K, reserved 1048576K
GC Heap History (20 events):
Event: 17.344 GC heap after
{Heap after GC invocations=26 (full 0):
 garbage-first heap   total 225280K, used 93297K [0x0000000080000000, 0x0000000100000000)
  region size 1024K, 7 young (7168K), 7 survivors (7168K)
 Metaspace       used 91150K, capacity 93502K, committed 93644K, reserved 1130496K
  class space    used 11804K, capacity 12690K, committed 12748K, reserved 1048576K
}
Event: 17.789 GC heap before
{Heap before GC invocations=27 (full 0):
 garbage-first heap   total 225280K, used 147569K [0x0000000080000000, 0x0000000100000000)
  region size 1024K, 48 young (49152K), 7 survivors (7168K)
 Metaspace       used 93553K, capacity 95752K, committed 96332K, reserved 1132544K
  class space    used 12105K, capacity 12915K, committed 13132K, reserved 1048576K
}
Event: 17.800 GC heap after
{Heap after GC invocations=28 (full 0):
 garbage-first heap   total 225280K, used 116134K [0x0000000080000000, 0x0000000100000000)
  region size 1024K, 12 young (12288K), 12 survivors (12288K)
 Metaspace       used 93553K, capacity 95752K, committed 96332K, reserved 1132544K
  class space    used 12105K, capacity 12915K, committed 13132K, reserved 1048576K
}
Event: 18.191 GC heap before
{Heap before GC invocations=29 (full 0):
 garbage-first heap   total 225280K, used 181670K [0x0000000080000000, 0x0000000100000000)
  region size 1024K, 70 young (71680K), 12 survivors (12288K)
 Metaspace       used 97019K, capacity 99406K, committed 99788K, reserved 1134592K
  class space    used 12778K, capacity 13643K, committed 13772K, reserved 1048576K
}
Event: 18.261 GC heap after
{Heap after GC invocations=30 (full 0):
 garbage-first heap   total 225280K, used 137210K [0x0000000080000000, 0x0000000100000000)
  region size 1024K, 10 young (10240K), 10 survivors (10240K)
 Metaspace       used 97019K, capacity 99406K, committed 99788K, reserved 1134592K
  class space    used 12778K, capacity 13643K, committed 13772K, reserved 1048576K
}
Event: 18.614 GC heap before
{Heap before GC invocations=31 (full 0):
 garbage-first heap   total 225280K, used 167930K [0x0000000080000000, 0x0000000100000000)
  region size 1024K, 40 young (40960K), 10 survivors (10240K)
 Metaspace       used 98828K, capacity 101447K, committed 101580K, reserved 1136640K
  class space    used 13034K, capacity 14014K, committed 14028K, reserved 1048576K
}
Event: 18.641 GC heap after
{Heap after GC invocations=32 (full 0):
 garbage-first heap   total 225280K, used 149207K [0x0000000080000000, 0x0000000100000000)
  region size 1024K, 7 young (7168K), 7 survivors (7168K)
 Metaspace       used 98828K, capacity 101447K, committed 101580K, reserved 1136640K
  class space    used 13034K, capacity 14014K, committed 14028K, reserved 1048576K
}
Event: 18.890 GC heap before
{Heap before GC invocations=32 (full 0):
 garbage-first heap   total 225280K, used 180951K [0x0000000080000000, 0x0000000100000000)
  region size 1024K, 37 young (37888K), 7 survivors (7168K)
 Metaspace       used 99026K, capacity 101577K, committed 101964K, reserved 1136640K
  class space    used 13043K, capacity 13994K, committed 14156K, reserved 1048576K
}
Event: 18.917 GC heap after
{Heap after GC invocations=33 (full 0):
 garbage-first heap   total 225280K, used 164864K [0x0000000080000000, 0x0000000100000000)
  region size 1024K, 5 young (5120K), 5 survivors (5120K)
 Metaspace       used 99026K, capacity 101577K, committed 101964K, reserved 1136640K
  class space    used 13043K, capacity 13994K, committed 14156K, reserved 1048576K
}
Event: 19.032 GC heap before
{Heap before GC invocations=34 (full 0):
 garbage-first heap   total 225280K, used 184320K [0x0000000080000000, 0x0000000100000000)
  region size 1024K, 24 young (24576K), 5 survivors (5120K)
 Metaspace       used 99193K, capacity 101786K, committed 101964K, reserved 1136640K
  class space    used 13069K, capacity 14062K, committed 14156K, reserved 1048576K
}
Event: 19.046 GC heap after
{Heap after GC invocations=35 (full 0):
 garbage-first heap   total 225280K, used 175104K [0x0000000080000000, 0x0000000100000000)
  region size 1024K, 3 young (3072K), 3 survivors (3072K)
 Metaspace       used 99193K, capacity 101786K, committed 101964K, reserved 1136640K
  class space    used 13069K, capacity 14062K, committed 14156K, reserved 1048576K
}
Event: 19.096 GC heap before
{Heap before GC invocations=35 (full 0):
 garbage-first heap   total 225280K, used 187392K [0x0000000080000000, 0x0000000100000000)
  region size 1024K, 16 young (16384K), 3 survivors (3072K)
 Metaspace       used 99215K, capacity 101788K, committed 101964K, reserved 1136640K
  class space    used 13069K, capacity 14062K, committed 14156K, reserved 1048576K
}
Event: 19.109 GC heap after
{Heap after GC invocations=36 (full 0):
 garbage-first heap   total 329728K, used 182568K [0x0000000080000000, 0x0000000100000000)
  region size 1024K, 2 young (2048K), 2 survivors (2048K)
 Metaspace       used 99215K, capacity 101788K, committed 101964K, reserved 1136640K
  class space    used 13069K, capacity 14062K, committed 14156K, reserved 1048576K
}
Event: 19.555 GC heap before
{Heap before GC invocations=36 (full 0):
 garbage-first heap   total 329728K, used 225576K [0x0000000080000000, 0x0000000100000000)
  region size 1024K, 44 young (45056K), 2 survivors (2048K)
 Metaspace       used 99480K, capacity 102065K, committed 102220K, reserved 1136640K
  class space    used 13084K, capacity 14054K, committed 14156K, reserved 1048576K
}
Event: 19.579 GC heap after
{Heap after GC invocations=37 (full 0):
 garbage-first heap   total 329728K, used 200704K [0x0000000080000000, 0x0000000100000000)
  region size 1024K, 6 young (6144K), 6 survivors (6144K)
 Metaspace       used 99480K, capacity 102065K, committed 102220K, reserved 1136640K
  class space    used 13084K, capacity 14054K, committed 14156K, reserved 1048576K
}
Event: 19.897 GC heap before
{Heap before GC invocations=38 (full 0):
 garbage-first heap   total 329728K, used 239616K [0x0000000080000000, 0x0000000100000000)
  region size 1024K, 44 young (45056K), 6 survivors (6144K)
 Metaspace       used 99580K, capacity 102176K, committed 102476K, reserved 1138688K
  class space    used 13090K, capacity 14064K, committed 14156K, reserved 1048576K
}
Event: 19.913 GC heap after
{Heap after GC invocations=39 (full 0):
 garbage-first heap   total 329728K, used 207872K [0x0000000080000000, 0x0000000100000000)
  region size 1024K, 6 young (6144K), 6 survivors (6144K)
 Metaspace       used 99580K, capacity 102176K, committed 102476K, reserved 1138688K
  class space    used 13090K, capacity 14064K, committed 14156K, reserved 1048576K
}
Event: 20.137 GC heap before
{Heap before GC invocations=39 (full 0):
 garbage-first heap   total 329728K, used 241664K [0x0000000080000000, 0x0000000100000000)
  region size 1024K, 41 young (41984K), 6 survivors (6144K)
 Metaspace       used 99634K, capacity 102244K, committed 102476K, reserved 1138688K
  class space    used 13090K, capacity 14064K, committed 14156K, reserved 1048576K
}
Event: 20.152 GC heap after
{Heap after GC invocations=40 (full 0):
 garbage-first heap   total 329728K, used 211468K [0x0000000080000000, 0x0000000100000000)
  region size 1024K, 4 young (4096K), 4 survivors (4096K)
 Metaspace       used 99634K, capacity 102244K, committed 102476K, reserved 1138688K
  class space    used 13090K, capacity 14064K, committed 14156K, reserved 1048576K
}
Event: 20.854 GC heap before
{Heap before GC invocations=41 (full 0):
 garbage-first heap   total 329728K, used 252428K [0x0000000080000000, 0x0000000100000000)
  region size 1024K, 44 young (45056K), 4 survivors (4096K)
 Metaspace       used 99686K, capacity 102308K, committed 102476K, reserved 1138688K
  class space    used 13090K, capacity 14063K, committed 14156K, reserved 1048576K
}

